8.75250
74.43659
31.11273
45.50879
24.37710
41.38166
93.43043
88.22504
28.31730
41.42613
4.33170
10.97158
61.70934
100.80279
17.95336
98.7827
13.29268
11.77634
80.79150
80.58822
68.10673
94.19337
86.91746
29.94092
95.86358
2.21154
9.57945
69.71491
25.2197
31.60904
23.54667
50.18025
2.6854
78.47409
29.74934
99.38982
36.8014
66.89815
64.54537
26.1670
16.20095
30.46502
18.34196
6.10405
52.94299
89.21124
6.46883
53.31567
17.30338
39.53145
2.44898
72.55829
38.19359
78.82398
95.77905
10.46232
46.44176
36.66299
43.80400
69.90413
61.73558
95.88009
96.25969
14.4531
7.10963
43.85366
83.79853
68.33822
96.24713
72.59902
91.24832
39.53058
17.19791
41.10680
36.77007
73.36099
96.75320
55.45224
90.56761
6.86127
24.29507
14.76771
39.29095
21.87845
67.40535
27.15395
64.18739
45.59591
51.45160
24.64948
86.7218
73.55540
48.42386
97.94886
24.82421
45.31969
36.99916
26.63535
43.96012
80.24153
45.77296
19.90397
93.1816
92.40034
70.19398
54.10548
26.21211
63.30212
9.73378
62.626
36.1869
96.2777
68.97440
75.89332
57.56302
73.561
95.18985
56.39790
8.28016
94.22770
81.3456
56.67507
64.33503
77.63109
50.2332
45.87639
9.39998
52.54850
4.95732
32.98015
20.36776
10.30181
30.95224
55.88261
38.91546
18.37526
1.34257
65.60598
49.37705
51.25151
77.1413
55.82798
5.48382
49.7066
79.47700
10.25130
54.65484
48.64608
74.45323
6.55177
54.27225
31.80367
1.60445
71.70286
17.93899
56.41134
58.96577
79.58267
58.21712
79.20615
20.95738
34.20592
21.48763
34.76198
32.38589
90.54874
78.37305
59.61201
55.68961
16.93948
81.7731
56.74547
8.41239
1.84927
36.74858
14.50115
94.1361
55.68419
58.42586
30.21016
64.6103
18.86644
20.62968
48.45270
96.23304
74.19104
49.24386
59.63460
7.73931
25.85133
74.59604
98.7921
51.35232
81.20204
1.24521
34.81259
4.18677
51.23935
81.79880
33.82575
50.74543
50.52772
11.15880
84.69971
41.82724
51.2972
30.90319
47.10300
31.85622
77.50125
45.76959
97.66772
65.91561
99.18752
41.64504
52.92802
6.15081
19.59275
50.40414
21.19026
13.1784
89.24118
9.81551
25.19196
58.24512
91.38667
11.60594
54.9566
61.28743
4.54353
8.56142
11.13201
100.43128
72.57788
15.31626
42.19518
49.1843
16.15975
46.11374
21.39912
40.45055
6.56930
54.54190
67.4357
5.59861
99.5593
21.66117
81.98868
53.26940
99.94902
12.16617
92.48672
29.26672
62.77046
21.20241
59.99454
28.85351
12.35564
95.7534
28.7828
96.19532
43.51517
7.78516
25.42602
98.68662
4.34325
9.44937
82.17016
11.63217
6.75974
82.82721
92.81170
66.15828
37.16729
26.20385
68.89950
77.16047
77.68667
68.60521
85.41992
11.33259
12.68745
19.85719
35.66826
68.58690
19.73015
26.2919
29.33030
35.6728
41.33755
41.8397
36.3084
49.46866
12.15253
65.77877
38.32676
46.82711
16.28193
11.54748
38.1300
48.49716
94.59580
30.95165
80.53502
26.10290
59.14034
1.65090
71.35218
47.21039
44.40339
37.3322
20.36497
48.43789
60.25988
36.65236
13.85685
90.83785
35.22668
20.72616
46.65977
62.65826
20.71632
4.72699
99.92640
5.9504
80.48766
92.4108
25.14366
22.14455
7.27451
4.30833
33.32142
55.81978
18.53901
90.73466
48.3623
80.59318
17.64049
63.21030
40.52709
4.2658
62.75753
67.8622
58.6997
56.66931
95.45556
22.29313
94.31428
33.77445
92.2199
53.44857
71.64304
40.12915
100.26767
36.81922
44.22753
87.89720
51.68411
24.44670
6.49944
12.22432
93.39817
100.86972
40.1371
37.79892
58.94834
29.18178
11.17684
77.23490
92.70435
12.26905
27.64892
91.523
65.6891
85.16814
42.7128
80.85785
38.29871
62.32582
66.45803
33.67333
55.59760
48.72378
63.79011
20.98151
78.942
37.26721
100.96113
60.19957
91.36153
49.95015
45.14919
51.50102
96.19822
32.44502
46.54962
58.3511
29.50806
74.82138
70.39097
4.47422
76.78519
1.76490
63.32055
64.58644
90.45251
36.69416
65.52495
64.67759
53.85093
17.66715
21.58061
51.63369
42.91848
97.4788
2.88235
29.70572
49.87876
54.41872
30.62294
20.73472
21.25765
80.42631
11.88081
14.63343
39.48383
45.98829
94.63576
81.9001
97.5948
71.66088
44.52734
53.90262
25.54401
81.70779
58.73424
99.67015
46.61663
10.26611
50.9219
91.75056
44.18556
86.6535
76.77322
52.21227
52.94460
84.16715
38.37880
99.14101
38.94286
79.18285
43.64916
61.63068
41.10708
67.20729
63.66364
70.42891
24.22279
14.45762
11.34841
79.46001
95.34508
57.66552
87.93432
45.80740
77.7585
53.74109
15.91455
20.83029
72.92371
64.67948
25.24544
55.6009
82.80553
89.68164
60.11020
80.95357
62.8488
54.43900
89.94245
81.82467
84.65275
37.18910
68.21835
40.69685
52.89550
67.47468
11.19590
28.97774
82.89296
37.37875
36.58232
73.83029
99.39071
88.66298
90.2647
91.58112
13.57464
13.23782
52.29231
22.53214
29.71951
1.88960
55.89993
95.3331
33.53560
78.67780
33.63273
84.39082
54.32623
22.97957
19.75592
1.197
21.62705
100.7130
45.59176
71.18417
100.47081
19.64289
53.48129
1.87663
41.79150
86.66584
16.30660
79.45960
62.68383
49.84055
41.51382
71.2029
52.67545
70.17596
70.22711
73.5924
26.56220
51.61432
44.47847
70.66671
95.94611
93.31065
25.59362
20.93621
63.71662
26.79435
50.22091
23.86261
94.59929
23.16382
67.66469
24.12723
40.63518
94.69365
79.61957
72.88342
56.60837
90.79729
21.74903
13.39617
48.53947
52.2673
12.46524
37.82606
8.80634
67.91554
13.97926
41.59154
58.21734
96.88140
52.61259
95.94161
39.49930
76.4599
93.25634
63.43277
37.90647
74.29465
85.42193
20.33843
29.78860
63.44146
17.27128
73.8749
1.74371
99.61293
46.8929
1.92144
93.73564
84.44273
2.84010
22.14487
14.15770
32.45358
20.49487
57.39817
55.9755
15.62616
38.62967
98.58878
61.77413
92.38232
75.12464
78.80325
85.27834
51.59528
100.77430
10.12145
65.72452
13.51980
35.32408
84.67601
60.88311
54.15892
22.73226
54.13930
97.30554
62.84859
92.22964
21.40769
88.16527
73.35220
42.38205
52.88093
46.81371
75.41963
77.25318
27.58414
45.62572
80.51036
30.57289
49.979
18.17724
39.19509
30.94927
69.71807
100.32256
30.23277
89.27897
20.61865
38.92417
19.4492
84.18399
21.19749
62.5652
19.75978
47.18662
79.12229
64.25236
7.91309
69.55680
20.7324
78.79393
54.56979
54.89296
72.48476
5.66963
33.8820
32.34036
69.52469
11.50235
71.6779
66.69046
80.89076
28.12688
64.59038
67.74535
84.18676
85.59556
57.17400
65.52094
87.20634
25.88048
95.71331
68.25666
11.31683
6.96315
53.76242
86.37592
7.64761
61.913
4.63431
86.14201
86.84468
85.3989
1.95687
1.45496
100.61103
29.67184
18.7137
3.74490
79.39726
90.46723
96.40606
20.38692
22.17775
15.69863
7.71284
27.16420
2.94331
45.52376
59.1463
32.46737
21.8309
25.86948
9.88412
98.56001
15.61897
100.95646
34.14963
40.13755
22.94287
37.11
63.78174
94.6636
89.84572
39.4822
92.98414
61.89958
93.58744
76.32769
14.416
37.19892
48.54370
33.24135
29.95144
80.10907
55.25808
38.35204
22.27448
35.51950
17.67760
39.78551
84.52187
97.59686
25.97923
64.29182
13.33252
3.35496
37.33455
9.46981
32.20831
96.66715
13.12137
38.22010
86.42920
82.69611
9.11610
40.32868
20.11267
100.44521
16.42578
23.97143
81.35882
86.10031
26.12437
95.43946
3.23234
81.63457
35.76518
82.8782
59.62806
93.74161
52.16202
43.53945
36.7556
73.57444
23.37014
42.84782
80.69519
61.61730
56.59083
65.3033
14.59196
29.22505
56.37712
82.11611
5.92552
17.96762
65.45406
23.65114
44.48637
19.52995
89.53744
40.74503
44.55071
20.48213
18.9933
83.74098
60.47074
91.44820
11.80912
16.34979
43.96046
71.60563
9.73984
100.40710
14.18551
52.54666
3.51618
54.35300
17.7585
70.67443
4.41516
30.7258
83.90265
53.5155
27.16028
56.49260
53.7387
23.59130
87.95550
80.29199
91.98604
87.32444
28.93586
99.88588
18.34032
77.67462
64.50215
84.86833
23.25512
92.82872
43.64734
54.78031
81.78705
16.98888
11.66682
59.48787
34.4041
60.21937
63.76939
55.54527
27.29713
96.98622
78.10342
59.83055
21.77198
28.32452
63.10333
38.805
58.54406
8.99944
59.56540
44.83698
82.32966
58.75606
18.68413
25.90185
60.20300
17.14741
52.87847
23.76894
16.58050
62.93650
32.57797
24.50697
45.95251
39.72432
60.15936
66.77802
88.32438
49.15121
25.23895
76.27904
90.16287
46.34144
58.16333
62.85579
5.84203
32.78221
87.78631
44.62368
49.3845
18.29750
26.41274
64.45417
81.15349
80.50958
15.52706
90.33308
6.74528
15.83716
9.98898
50.97496
30.9027
67.84399
86.46663
19.98854
80.16204
84.10724
60.53222
75.79035
76.40703
37.63280
16.94751
14.88851
93.2949
84.82982
48.43209
7.10179
7.58268
15.33911
71.27359
18.24947
5.77657
64.33638
99.91735
57.68509
13.59114
81.76725
5.84614
74.39963
80.64378
70.91148
32.19754
34.38740
21.51195
98.89425
72.84959
21.88949
19.37402
18.6393
14.23581
57.87941
95.3869
71.82464
50.65135
26.39872
92.85651
18.30011
55.16526
2.5495
93.98035
71.92547
88.36122
66.83590
72.54866
61.12111
76.28110
95.23324
35.18475
15.55495
24.46876
78.21358
28.5223
75.90173
40.24040
84.54418
31.33891
7.94897
13.85896
39.17517
22.69685
28.95579
61.61973
88.43636
82.50527
95.62031
96.69259
20.82213
44.92313
7.26629
94.63927
27.82727
34.72982
97.29393
62.59010
78.96125
23.14241
53.17816
81.71293
52.6053
74.24678
18.47627
66.26262
40.20850
8.17720
31.10377
26.93582
28.18660
98.1194
26.64830
23.51349
54.60880
69.56228
25.76432
78.76407
1.21273
2.53931
99.99078
50.27295
28.23653
60.19578
71.38152
25.97085
21.75016
20.54178
96.86896
65.85601
19.5118
24.81618
55.99569
